<?xml version="1.0" encoding="UTF-8"?>
<testng-results ignored="0" total="1" passed="1" failed="0" skipped="0">
  <reporter-output>
  </reporter-output>
  <suite started-at="2022-08-25T23:42:59 IST" name="Default suite" finished-at="2022-08-25T23:43:29 IST" duration-ms="29736">
    <groups>
    </groups>
    <test started-at="2022-08-25T23:42:59 IST" name="Default test" finished-at="2022-08-25T23:43:29 IST" duration-ms="29736">
      <class name="org.Dream11.verifyNavigationBarOnBottomTest">
        <test-method is-config="true" signature="suiteSetUp()[pri:0, instance:org.Dream11.verifyNavigationBarOnBottomTest@4d1bf319]" started-at="2022-08-25T23:42:59 IST" name="suiteSetUp" finished-at="2022-08-25T23:42:59 IST" duration-ms="8" status="PASS">
          <reporter-output>
          </reporter-output>
        </test-method> <!-- suiteSetUp -->
        <test-method is-config="true" signature="methodSetUp()[pri:0, instance:org.Dream11.verifyNavigationBarOnBottomTest@4d1bf319]" started-at="2022-08-25T23:42:59 IST" name="methodSetUp" finished-at="2022-08-25T23:43:15 IST" duration-ms="15417" status="PASS">
          <reporter-output>
          </reporter-output>
        </test-method> <!-- methodSetUp -->
        <test-method signature="verifyNavigation()[pri:0, instance:org.Dream11.verifyNavigationBarOnBottomTest@4d1bf319]" started-at="2022-08-25T23:43:15 IST" name="verifyNavigation" finished-at="2022-08-25T23:43:28 IST" duration-ms="13549" status="PASS">
          <reporter-output>
          </reporter-output>
        </test-method> <!-- verifyNavigation -->
        <test-method is-config="true" signature="methodTearDown()[pri:0, instance:org.Dream11.verifyNavigationBarOnBottomTest@4d1bf319]" started-at="2022-08-25T23:43:28 IST" name="methodTearDown" finished-at="2022-08-25T23:43:29 IST" duration-ms="478" status="PASS">
          <reporter-output>
          </reporter-output>
        </test-method> <!-- methodTearDown -->
        <test-method is-config="true" signature="suiteTearDown()[pri:0, instance:org.Dream11.verifyNavigationBarOnBottomTest@4d1bf319]" started-at="2022-08-25T23:43:29 IST" name="suiteTearDown" finished-at="2022-08-25T23:43:29 IST" duration-ms="0" status="PASS">
          <reporter-output>
          </reporter-output>
        </test-method> <!-- suiteTearDown -->
        <test-method is-config="true" signature="suiteTearDown()[pri:0, instance:org.Dream11.verifyNavigationBarOnBottomTest@4d1bf319]" started-at="2022-08-25T23:43:29 IST" name="suiteTearDown" finished-at="2022-08-25T23:43:29 IST" duration-ms="0" status="PASS">
          <reporter-output>
          </reporter-output>
        </test-method> <!-- suiteTearDown -->
      </class> <!-- org.Dream11.verifyNavigationBarOnBottomTest -->
    </test> <!-- Default test -->
  </suite> <!-- Default suite -->
</testng-results>
